{"/Users/n0159480/bootcamp/assignments/book-search/backend/server/books/books.controller.ts": {"path":"/Users/n0159480/bootcamp/assignments/book-search/backend/server/books/books.controller.ts","statementMap":{"0":{"start":{"line":1,"column":0},"end":{"line":1,"column":41}},"1":{"start":{"line":2,"column":0},"end":{"line":2,"column":34}},"2":{"start":{"line":3,"column":0},"end":{"line":3,"column":32}},"3":{"start":{"line":5,"column":15},"end":{"line":5,"column":31}},"4":{"start":{"line":7,"column":0},"end":{"line":10,"column":3}},"5":{"start":{"line":7,"column":50},"end":{"line":10,"column":1}},"6":{"start":{"line":8,"column":18},"end":{"line":8,"column":35}},"7":{"start":{"line":9,"column":4},"end":{"line":9,"column":44}},"8":{"start":{"line":12,"column":0},"end":{"line":20,"column":3}},"9":{"start":{"line":12,"column":70},"end":{"line":20,"column":1}},"10":{"start":{"line":13,"column":4},"end":{"line":19,"column":5}},"11":{"start":{"line":14,"column":21},"end":{"line":14,"column":43}},"12":{"start":{"line":15,"column":8},"end":{"line":15,"column":26}},"13":{"start":{"line":16,"column":8},"end":{"line":16,"column":56}},"14":{"start":{"line":18,"column":8},"end":{"line":18,"column":48}},"15":{"start":{"line":22,"column":0},"end":{"line":30,"column":3}},"16":{"start":{"line":22,"column":56},"end":{"line":30,"column":1}},"17":{"start":{"line":23,"column":4},"end":{"line":29,"column":5}},"18":{"start":{"line":24,"column":23},"end":{"line":24,"column":40}},"19":{"start":{"line":25,"column":8},"end":{"line":25,"column":51}},"20":{"start":{"line":26,"column":8},"end":{"line":26,"column":58}},"21":{"start":{"line":28,"column":8},"end":{"line":28,"column":48}},"22":{"start":{"line":32,"column":0},"end":{"line":32,"column":22}}},"fnMap":{"0":{"name":"(anonymous_6)","decl":{"start":{"line":7,"column":22},"end":{"line":7,"column":29}},"loc":{"start":{"line":7,"column":50},"end":{"line":10,"column":1}}},"1":{"name":"(anonymous_7)","decl":{"start":{"line":7,"column":50},"end":{"line":null,"column":-1}},"loc":{"start":{"line":7,"column":50},"end":{"line":10,"column":1}}},"2":{"name":"(anonymous_8)","decl":{"start":{"line":12,"column":42},"end":{"line":12,"column":49}},"loc":{"start":{"line":12,"column":70},"end":{"line":20,"column":1}}},"3":{"name":"(anonymous_9)","decl":{"start":{"line":12,"column":70},"end":{"line":null,"column":-1}},"loc":{"start":{"line":12,"column":70},"end":{"line":20,"column":1}}},"4":{"name":"(anonymous_10)","decl":{"start":{"line":22,"column":28},"end":{"line":22,"column":35}},"loc":{"start":{"line":22,"column":56},"end":{"line":30,"column":1}}},"5":{"name":"(anonymous_11)","decl":{"start":{"line":22,"column":56},"end":{"line":null,"column":-1}},"loc":{"start":{"line":22,"column":56},"end":{"line":30,"column":1}}}},"branchMap":{},"s":{"0":1,"1":1,"2":1,"3":1,"4":1,"5":1,"6":1,"7":1,"8":1,"9":2,"10":2,"11":2,"12":2,"13":1,"14":1,"15":1,"16":2,"17":2,"18":2,"19":2,"20":1,"21":1,"22":1},"f":{"0":1,"1":1,"2":2,"3":2,"4":2,"5":2},"b":{}}
,"/Users/n0159480/bootcamp/assignments/book-search/backend/server/books/books.model.ts": {"path":"/Users/n0159480/bootcamp/assignments/book-search/backend/server/books/books.model.ts","statementMap":{"0":{"start":{"line":1,"column":0},"end":{"line":1,"column":50}},"1":{"start":{"line":7,"column":43},"end":{"line":28,"column":1}},"2":{"start":{"line":31,"column":19},"end":{"line":31,"column":44}},"3":{"start":{"line":33,"column":0},"end":{"line":33,"column":50}}},"fnMap":{},"branchMap":{},"s":{"0":1,"1":1,"2":1,"3":1},"f":{},"b":{}}
}
