TN:
SF:/Users/n0159480/bootcamp/assignments/book-search/backend/server/books/books.controller.ts
FN:7,(anonymous_6)
FN:7,(anonymous_7)
FN:12,(anonymous_8)
FN:12,(anonymous_9)
FN:22,(anonymous_10)
FN:22,(anonymous_11)
FNF:6
FNH:6
FNDA:1,(anonymous_6)
FNDA:1,(anonymous_7)
FNDA:2,(anonymous_8)
FNDA:2,(anonymous_9)
FNDA:2,(anonymous_10)
FNDA:2,(anonymous_11)
DA:1,1
DA:2,1
DA:3,1
DA:5,1
DA:7,1
DA:8,1
DA:9,1
DA:12,2
DA:13,2
DA:14,2
DA:15,2
DA:16,1
DA:18,1
DA:22,2
DA:23,2
DA:24,2
DA:25,2
DA:26,1
DA:28,1
DA:32,1
LF:20
LH:20
BRF:0
BRH:0
end_of_record
TN:
SF:/Users/n0159480/bootcamp/assignments/book-search/backend/server/books/books.model.ts
FNF:0
FNH:0
DA:1,1
DA:7,1
DA:31,1
DA:33,1
LF:4
LH:4
BRF:0
BRH:0
end_of_record
